
Showing logs for build [32mcb-kubecd-bdd-sbrp-import-15759-1[0m stage [32mfrom-build-pack[0m and container [32mstep-credential-initializer-2h56j[0m
{"level":"warn","ts":1575984813.9237108,"logger":"fallback-logger","caller":"logging/config.go:69","msg":"Fetch GitHub commit ID from kodata failed: \"ref: refs/heads/master\" is not a valid GitHub commit ID"}
{"level":"info","ts":1575984813.924231,"logger":"fallback-logger","caller":"creds-init/main.go:40","msg":"Credentials initialized."}

Showing logs for build [32mcb-kubecd-bdd-sbrp-import-15759-1[0m stage [32mfrom-build-pack[0m and container [32mstep-working-dir-initializer-lvhcd[0m
{"level":"warn","ts":1575984814.76103,"logger":"fallback-logger","caller":"logging/config.go:69","msg":"Fetch GitHub commit ID from kodata failed: open /var/run/ko/HEAD: no such file or directory"}
{"level":"info","ts":1575984814.7639346,"logger":"fallback-logger","caller":"bash/main.go:65","msg":"Successfully executed command \"mkdir -p /workspace/source\""}

Showing logs for build [32mcb-kubecd-bdd-sbrp-import-15759-1[0m stage [32mfrom-build-pack[0m and container [32mstep-place-tools[0m

Showing logs for build [32mcb-kubecd-bdd-sbrp-import-15759-1[0m stage [32mfrom-build-pack[0m and container [32mstep-git-source-cb-kubecd-bdd-sbrp-import-15759-qlfjg[0m
{"level":"warn","ts":1575984824.854501,"logger":"fallback-logger","caller":"logging/config.go:69","msg":"Fetch GitHub commit ID from kodata failed: \"ref: refs/heads/master\" is not a valid GitHub commit ID"}
{"level":"info","ts":1575984826.1401985,"logger":"fallback-logger","caller":"git/git.go:102","msg":"Successfully cloned https://github.com/cb-kubecd/bdd-sbrp-import-1575984100.git @ v0.0.1 in path /workspace/source"}

Showing logs for build [32mcb-kubecd-bdd-sbrp-import-15759-1[0m stage [32mfrom-build-pack[0m and container [32mstep-git-merge[0m
Using SHAs from PULL_REFS=master:b6e4f232af7c99247d1ea270dde0fc7d8397a84e
WARNING: no SHAs to merge, falling back to initial cloned commit

Showing logs for build [32mcb-kubecd-bdd-sbrp-import-15759-1[0m stage [32mfrom-build-pack[0m and container [32mstep-setup-jx-git-credentials[0m
Generated Git credentials file /workspace/xdg_config/git/credentials

Showing logs for build [32mcb-kubecd-bdd-sbrp-import-15759-1[0m stage [32mfrom-build-pack[0m and container [32mstep-build-mvn-deploy[0m
Picked up _JAVA_OPTIONS: -XX:+UnlockExperimentalVMOptions -XX:+UseCGroupMemoryLimitForHeap -Dsun.zip.disableMemoryMapping=true -XX:+UseParallelGC -XX:MinHeapFreeRatio=5 -XX:MaxHeapFreeRatio=10 -XX:GCTimeRatio=4 -XX:AdaptiveSizePolicyWeight=90 -Xms10m -Xmx192m
OpenJDK 64-Bit Server VM warning: If the number of processors is expected to increase from one, then you should configure the number of parallel GC threads appropriately using -XX:ParallelGCThreads=N
[INFO] Scanning for projects...
[INFO] 
[INFO] -----< com.github.jenkinsx.quickstarts:bdd-sbrp-import-1575984100 >-----
[INFO] Building spring-boot-rest-prometheus 0.0.1
[INFO] --------------------------------[ jar ]---------------------------------
[INFO] 
[INFO] --- maven-clean-plugin:3.1.0:clean (default-clean) @ bdd-sbrp-import-1575984100 ---
[INFO] 
[INFO] --- maven-resources-plugin:3.1.0:resources (default-resources) @ bdd-sbrp-import-1575984100 ---
[INFO] Using 'UTF-8' encoding to copy filtered resources.
[INFO] Copying 1 resource
[INFO] Copying 0 resource
[INFO] 
[INFO] --- maven-compiler-plugin:3.8.0:compile (default-compile) @ bdd-sbrp-import-1575984100 ---
[INFO] Changes detected - recompiling the module!
[INFO] Compiling 1 source file to /workspace/source/target/classes
[INFO] 
[INFO] --- maven-resources-plugin:3.1.0:testResources (default-testResources) @ bdd-sbrp-import-1575984100 ---
[INFO] Using 'UTF-8' encoding to copy filtered resources.
[INFO] skip non existing resourceDirectory /workspace/source/src/test/resources
[INFO] 
[INFO] --- maven-compiler-plugin:3.8.0:testCompile (default-testCompile) @ bdd-sbrp-import-1575984100 ---
[INFO] Changes detected - recompiling the module!
[INFO] Compiling 1 source file to /workspace/source/target/test-classes
[INFO] 
[INFO] --- maven-surefire-plugin:3.0.0-M1:test (default-test) @ bdd-sbrp-import-1575984100 ---
[INFO] 
[INFO] -------------------------------------------------------
[INFO]  T E S T S
[INFO] -------------------------------------------------------
[INFO] Running com.github.jenkinsx.quickstarts.springboot.rest.prometheus.RestPrometheusApplicationTests
13:34:20.602 [main] DEBUG org.springframework.test.context.junit4.SpringJUnit4ClassRunner - SpringJUnit4ClassRunner constructor called with [class com.github.jenkinsx.quickstarts.springboot.rest.prometheus.RestPrometheusApplicationTests]
13:34:20.614 [main] DEBUG org.springframework.test.context.BootstrapUtils - Instantiating CacheAwareContextLoaderDelegate from class [org.springframework.test.context.cache.DefaultCacheAwareContextLoaderDelegate]
13:34:20.684 [main] DEBUG org.springframework.test.context.BootstrapUtils - Instantiating BootstrapContext using constructor [public org.springframework.test.context.support.DefaultBootstrapContext(java.lang.Class,org.springframework.test.context.CacheAwareContextLoaderDelegate)]
13:34:20.765 [main] DEBUG org.springframework.test.context.BootstrapUtils - Instantiating TestContextBootstrapper for test class [com.github.jenkinsx.quickstarts.springboot.rest.prometheus.RestPrometheusApplicationTests] from class [org.springframework.boot.test.context.SpringBootTestContextBootstrapper]
13:34:20.796 [main] INFO org.springframework.boot.test.context.SpringBootTestContextBootstrapper - Neither @ContextConfiguration nor @ContextHierarchy found for test class [com.github.jenkinsx.quickstarts.springboot.rest.prometheus.RestPrometheusApplicationTests], using SpringBootContextLoader
13:34:20.814 [main] DEBUG org.springframework.test.context.support.AbstractContextLoader - Did not detect default resource location for test class [com.github.jenkinsx.quickstarts.springboot.rest.prometheus.RestPrometheusApplicationTests]: class path resource [com/github/jenkinsx/quickstarts/springboot/rest/prometheus/RestPrometheusApplicationTests-context.xml] does not exist
13:34:20.823 [main] DEBUG org.springframework.test.context.support.AbstractContextLoader - Did not detect default resource location for test class [com.github.jenkinsx.quickstarts.springboot.rest.prometheus.RestPrometheusApplicationTests]: class path resource [com/github/jenkinsx/quickstarts/springboot/rest/prometheus/RestPrometheusApplicationTestsContext.groovy] does not exist
13:34:20.829 [main] INFO org.springframework.test.context.support.AbstractContextLoader - Could not detect default resource locations for test class [com.github.jenkinsx.quickstarts.springboot.rest.prometheus.RestPrometheusApplicationTests]: no resource found for suffixes {-context.xml, Context.groovy}.
13:34:20.862 [main] INFO org.springframework.test.context.support.AnnotationConfigContextLoaderUtils - Could not detect default configuration classes for test class [com.github.jenkinsx.quickstarts.springboot.rest.prometheus.RestPrometheusApplicationTests]: RestPrometheusApplicationTests does not declare any static, non-private, non-final, nested classes annotated with @Configuration.
13:34:21.075 [main] DEBUG org.springframework.test.context.support.ActiveProfilesUtils - Could not find an 'annotation declaring class' for annotation type [org.springframework.test.context.ActiveProfiles] and class [com.github.jenkinsx.quickstarts.springboot.rest.prometheus.RestPrometheusApplicationTests]
13:34:21.375 [main] DEBUG org.springframework.context.annotation.ClassPathScanningCandidateComponentProvider - Identified candidate component class: file [/workspace/source/target/classes/com/github/jenkinsx/quickstarts/springboot/rest/prometheus/RestPrometheusApplication.class]
13:34:21.390 [main] INFO org.springframework.boot.test.context.SpringBootTestContextBootstrapper - Found @SpringBootConfiguration com.github.jenkinsx.quickstarts.springboot.rest.prometheus.RestPrometheusApplication for test class com.github.jenkinsx.quickstarts.springboot.rest.prometheus.RestPrometheusApplicationTests
13:34:21.716 [main] DEBUG org.springframework.boot.test.context.SpringBootTestContextBootstrapper - @TestExecutionListeners is not present for class [com.github.jenkinsx.quickstarts.springboot.rest.prometheus.RestPrometheusApplicationTests]: using defaults.
13:34:21.718 [main] INFO org.springframework.boot.test.context.SpringBootTestContextBootstrapper - Loaded default TestExecutionListener class names from location [META-INF/spring.factories]: [org.springframework.boot.test.mock.mockito.MockitoTestExecutionListener, org.springframework.boot.test.mock.mockito.ResetMocksTestExecutionListener, org.springframework.boot.test.autoconfigure.restdocs.RestDocsTestExecutionListener, org.springframework.boot.test.autoconfigure.web.client.MockRestServiceServerResetTestExecutionListener, org.springframework.boot.test.autoconfigure.web.servlet.MockMvcPrintOnlyOnFailureTestExecutionListener, org.springframework.boot.test.autoconfigure.web.servlet.WebDriverTestExecutionListener, org.springframework.test.context.web.ServletTestExecutionListener, org.springframework.test.context.support.DirtiesContextBeforeModesTestExecutionListener, org.springframework.test.context.support.DependencyInjectionTestExecutionListener, org.springframework.test.context.support.DirtiesContextTestExecutionListener, org.springframework.test.context.transaction.TransactionalTestExecutionListener, org.springframework.test.context.jdbc.SqlScriptsTestExecutionListener]
13:34:21.785 [main] DEBUG org.springframework.boot.test.context.SpringBootTestContextBootstrapper - Skipping candidate TestExecutionListener [org.springframework.test.context.transaction.TransactionalTestExecutionListener] due to a missing dependency. Specify custom listener classes or make the default listener classes and their required dependencies available. Offending class: [org/springframework/transaction/TransactionDefinition]
13:34:21.794 [main] DEBUG org.springframework.boot.test.context.SpringBootTestContextBootstrapper - Skipping candidate TestExecutionListener [org.springframework.test.context.jdbc.SqlScriptsTestExecutionListener] due to a missing dependency. Specify custom listener classes or make the default listener classes and their required dependencies available. Offending class: [org/springframework/transaction/interceptor/TransactionAttribute]
13:34:21.798 [main] INFO org.springframework.boot.test.context.SpringBootTestContextBootstrapper - Using TestExecutionListeners: [org.springframework.test.context.web.ServletTestExecutionListener@619713e5, org.springframework.test.context.support.DirtiesContextBeforeModesTestExecutionListener@708f5957, org.springframework.boot.test.mock.mockito.MockitoTestExecutionListener@68999068, org.springframework.boot.test.autoconfigure.SpringBootDependencyInjectionTestExecutionListener@7722c3c3, org.springframework.test.context.support.DirtiesContextTestExecutionListener@2ef3eef9, org.springframework.boot.test.mock.mockito.ResetMocksTestExecutionListener@243c4f91, org.springframework.boot.test.autoconfigure.restdocs.RestDocsTestExecutionListener@291ae, org.springframework.boot.test.autoconfigure.web.client.MockRestServiceServerResetTestExecutionListener@61df66b6, org.springframework.boot.test.autoconfigure.web.servlet.MockMvcPrintOnlyOnFailureTestExecutionListener@50eac852, org.springframework.boot.test.autoconfigure.web.servlet.WebDriverTestExecutionListener@16ec5519]
13:34:21.808 [main] DEBUG org.springframework.test.annotation.ProfileValueUtils - Retrieved @ProfileValueSourceConfiguration [null] for test class [com.github.jenkinsx.quickstarts.springboot.rest.prometheus.RestPrometheusApplicationTests]
13:34:21.819 [main] DEBUG org.springframework.test.annotation.ProfileValueUtils - Retrieved ProfileValueSource type [class org.springframework.test.annotation.SystemProfileValueSource] for class [com.github.jenkinsx.quickstarts.springboot.rest.prometheus.RestPrometheusApplicationTests]
13:34:21.826 [main] DEBUG org.springframework.test.annotation.ProfileValueUtils - Retrieved @ProfileValueSourceConfiguration [null] for test class [com.github.jenkinsx.quickstarts.springboot.rest.prometheus.RestPrometheusApplicationTests]
13:34:21.827 [main] DEBUG org.springframework.test.annotation.ProfileValueUtils - Retrieved ProfileValueSource type [class org.springframework.test.annotation.SystemProfileValueSource] for class [com.github.jenkinsx.quickstarts.springboot.rest.prometheus.RestPrometheusApplicationTests]
13:34:21.828 [main] DEBUG org.springframework.test.annotation.ProfileValueUtils - Retrieved @ProfileValueSourceConfiguration [null] for test class [com.github.jenkinsx.quickstarts.springboot.rest.prometheus.RestPrometheusApplicationTests]
13:34:21.828 [main] DEBUG org.springframework.test.annotation.ProfileValueUtils - Retrieved ProfileValueSource type [class org.springframework.test.annotation.SystemProfileValueSource] for class [com.github.jenkinsx.quickstarts.springboot.rest.prometheus.RestPrometheusApplicationTests]
13:34:21.862 [main] DEBUG org.springframework.test.context.support.AbstractDirtiesContextTestExecutionListener - Before test class: context [DefaultTestContext@1d9b7cce testClass = RestPrometheusApplicationTests, testInstance = [null], testMethod = [null], testException = [null], mergedContextConfiguration = [WebMergedContextConfiguration@4d9e68d0 testClass = RestPrometheusApplicationTests, locations = '{}', classes = '{class com.github.jenkinsx.quickstarts.springboot.rest.prometheus.RestPrometheusApplication}', contextInitializerClasses = '[]', activeProfiles = '{}', propertySourceLocations = '{}', propertySourceProperties = '{org.springframework.boot.test.context.SpringBootTestContextBootstrapper=true}', contextCustomizers = set[org.springframework.boot.test.context.filter.ExcludeFilterContextCustomizer@56aac163, org.springframework.boot.test.json.DuplicateJsonObjectContextCustomizerFactory$DuplicateJsonObjectContextCustomizer@396f6598, org.springframework.boot.test.mock.mockito.MockitoContextCustomizer@0, org.springframework.boot.test.web.client.TestRestTemplateContextCustomizer@57e1b0c, org.springframework.boot.test.autoconfigure.properties.PropertyMappingContextCustomizer@0, org.springframework.boot.test.autoconfigure.web.servlet.WebDriverContextCustomizerFactory$Customizer@480bdb19], resourceBasePath = 'src/main/webapp', contextLoader = 'org.springframework.boot.test.context.SpringBootContextLoader', parent = [null]], attributes = map['org.springframework.test.context.web.ServletTestExecutionListener.activateListener' -> true]], class annotated with @DirtiesContext [false] with mode [null].
13:34:21.880 [main] DEBUG org.springframework.test.annotation.ProfileValueUtils - Retrieved @ProfileValueSourceConfiguration [null] for test class [com.github.jenkinsx.quickstarts.springboot.rest.prometheus.RestPrometheusApplicationTests]
13:34:21.881 [main] DEBUG org.springframework.test.annotation.ProfileValueUtils - Retrieved ProfileValueSource type [class org.springframework.test.annotation.SystemProfileValueSource] for class [com.github.jenkinsx.quickstarts.springboot.rest.prometheus.RestPrometheusApplicationTests]
13:34:21.923 [main] DEBUG org.springframework.test.context.support.TestPropertySourceUtils - Adding inlined properties to environment: {spring.jmx.enabled=false, org.springframework.boot.test.context.SpringBootTestContextBootstrapper=true, server.port=-1}

  .   ____          _            __ _ _
 /\\ / ___'_ __ _ _(_)_ __  __ _ \ \ \ \
( ( )\___ | '_ | '_| | '_ \/ _` | \ \ \ \
 \\/  ___)| |_)| | | | | || (_| |  ) ) ) )
  '  |____| .__|_| |_|_| |_\__, | / / / /
 =========|_|==============|___/=/_/_/_/
 :: Spring Boot ::        (v2.1.2.RELEASE)

2019-12-10 13:34:23.077  INFO 67 --- [           main] j.q.s.r.p.RestPrometheusApplicationTests : Starting RestPrometheusApplicationTests on cb-kubecd-bdd-sbrp-import-15759-1-from-build-pack-xhkx7-pod-2c3 with PID 67 (started by root in /workspace/source)
2019-12-10 13:34:23.084  INFO 67 --- [           main] j.q.s.r.p.RestPrometheusApplicationTests : No active profile set, falling back to default profiles: default
2019-12-10 13:34:34.191  INFO 67 --- [           main] o.s.s.concurrent.ThreadPoolTaskExecutor  : Initializing ExecutorService 'applicationTaskExecutor'
2019-12-10 13:34:37.464  INFO 67 --- [           main] o.s.b.a.e.web.EndpointLinksResolver      : Exposing 2 endpoint(s) beneath base path '/actuator'
2019-12-10 13:34:37.769  INFO 67 --- [           main] j.q.s.r.p.RestPrometheusApplicationTests : Started RestPrometheusApplicationTests in 15.824 seconds (JVM running for 18.661)
[INFO] Tests run: 1, Failures: 0, Errors: 0, Skipped: 0, Time elapsed: 18.469 s - in com.github.jenkinsx.quickstarts.springboot.rest.prometheus.RestPrometheusApplicationTests
2019-12-10 13:34:38.488  INFO 67 --- [       Thread-4] o.s.s.concurrent.ThreadPoolTaskExecutor  : Shutting down ExecutorService 'applicationTaskExecutor'
[INFO] 
[INFO] Results:
[INFO] 
[INFO] Tests run: 1, Failures: 0, Errors: 0, Skipped: 0
[INFO] 
[INFO] 
[INFO] --- maven-jar-plugin:3.1.1:jar (default-jar) @ bdd-sbrp-import-1575984100 ---
[INFO] Building jar: /workspace/source/target/bdd-sbrp-import-1575984100-0.0.1.jar
[INFO] 
[INFO] --- spring-boot-maven-plugin:2.1.2.RELEASE:repackage (repackage) @ bdd-sbrp-import-1575984100 ---
[INFO] Replacing main artifact with repackaged archive
[INFO] 
[INFO] --- maven-install-plugin:2.5.2:install (default-install) @ bdd-sbrp-import-1575984100 ---
[INFO] Installing /workspace/source/target/bdd-sbrp-import-1575984100-0.0.1.jar to /home/jenkins/.mvnrepository/com/github/jenkinsx/quickstarts/bdd-sbrp-import-1575984100/0.0.1/bdd-sbrp-import-1575984100-0.0.1.jar
[INFO] Installing /workspace/source/pom.xml to /home/jenkins/.mvnrepository/com/github/jenkinsx/quickstarts/bdd-sbrp-import-1575984100/0.0.1/bdd-sbrp-import-1575984100-0.0.1.pom
[INFO] 
[INFO] --- maven-deploy-plugin:2.8.2:deploy (default-deploy) @ bdd-sbrp-import-1575984100 ---
[INFO] Using alternate deployment repository local-nexus::default::http://nexus/repository/maven-releases/
[INFO] ------------------------------------------------------------------------
[INFO] BUILD SUCCESS
[INFO] ------------------------------------------------------------------------
[INFO] Total time:  54.208 s
[INFO] Finished at: 2019-12-10T13:34:45Z
[INFO] ------------------------------------------------------------------------

Showing logs for build [32mcb-kubecd-bdd-sbrp-import-15759-1[0m stage [32mfrom-build-pack[0m and container [32mstep-build-skaffold-version[0m
v1.0.1

Showing logs for build [32mcb-kubecd-bdd-sbrp-import-15759-1[0m stage [32mfrom-build-pack[0m and container [32mstep-build-container-build[0m
[36mINFO[0m[0000] Downloading base image openjdk:8-jdk-slim    
ERROR: logging before flag.Parse: E1210 13:34:47.216835      11 metadata.go:142] while reading 'google-dockercfg' metadata: http status code: 404 while fetching url http://metadata.google.internal./computeMetadata/v1/instance/attributes/google-dockercfg
ERROR: logging before flag.Parse: E1210 13:34:47.222665      11 metadata.go:159] while reading 'google-dockercfg-url' metadata: http status code: 404 while fetching url http://metadata.google.internal./computeMetadata/v1/instance/attributes/google-dockercfg-url
2019/12/10 13:34:47 No matching credentials were found, falling back on anonymous
[36mINFO[0m[0001] Error while retrieving image from cache: getting file info: stat /workspace/sha256:c97eb5f626198602270d17adebaf19b7ab1080db65263107efbb95efee3fefe0: no such file or directory 
[36mINFO[0m[0001] Downloading base image openjdk:8-jdk-slim    
2019/12/10 13:34:48 No matching credentials were found, falling back on anonymous
[36mINFO[0m[0002] cmd: EXPOSE                                  
[36mINFO[0m[0002] Adding exposed port: 8080/tcp                
[36mINFO[0m[0002] Using files from context: [/workspace/source/pom.xml] 
[36mINFO[0m[0002] Using files from context: [/workspace/source/target/bdd-sbrp-import-1575984100-0.0.1.jar] 
[36mINFO[0m[0002] Skipping unpacking as no commands require it. 
[36mINFO[0m[0002] Taking snapshot of full filesystem...        
[36mINFO[0m[0002] ENV PORT 8080                                
[36mINFO[0m[0002] No files changed in this command, skipping snapshotting. 
[36mINFO[0m[0002] ENV CLASSPATH /opt/lib                       
[36mINFO[0m[0002] No files changed in this command, skipping snapshotting. 
[36mINFO[0m[0002] EXPOSE 8080                                  
[36mINFO[0m[0002] cmd: EXPOSE                                  
[36mINFO[0m[0002] Adding exposed port: 8080/tcp                
[36mINFO[0m[0002] No files changed in this command, skipping snapshotting. 
[36mINFO[0m[0002] Using files from context: [/workspace/source/pom.xml] 
[36mINFO[0m[0002] COPY pom.xml target/lib* /opt/lib/           
[36mINFO[0m[0002] Taking snapshot of files...                  
[36mINFO[0m[0002] Using files from context: [/workspace/source/target/bdd-sbrp-import-1575984100-0.0.1.jar] 
[36mINFO[0m[0002] COPY target/*.jar /opt/app.jar               
[36mINFO[0m[0002] Taking snapshot of files...                  
[36mINFO[0m[0002] WORKDIR /opt                                 
[36mINFO[0m[0002] cmd: workdir                                 
[36mINFO[0m[0002] Changed working directory to /opt            
[36mINFO[0m[0002] No files changed in this command, skipping snapshotting. 
[36mINFO[0m[0002] CMD ["java", "-XX:+UnlockExperimentalVMOptions", "-XX:+UseCGroupMemoryLimitForHeap", "-jar", "app.jar"] 
[36mINFO[0m[0002] No files changed in this command, skipping snapshotting. 
2019/12/10 13:34:50 existing blob: sha256:2f1dc2bdcfe193ce54affa45170354ca76667c40f8cf536b6282dd379e17e24a
2019/12/10 13:34:50 existing blob: sha256:000eee12ec04cc914bf96e8f5dee7767510c2aca3816af6078bd9fbe3150920c
2019/12/10 13:34:50 existing blob: sha256:c5943b75c9747aebea25c3fc4bf3d4b4247101176b78ada93d08446dd33f94a0
2019/12/10 13:34:50 existing blob: sha256:c2a806caa98c159f2c9254dabd60e04352b5c8b46d2e6cc9bd8f7bfc037a4e0b
2019/12/10 13:34:53 pushed blob: sha256:2296ddf89a79eecbea2810d170f320f758a55e083e8424a49894e410eaf006cb
2019/12/10 13:34:53 pushed blob: sha256:446427f46b0937cbdb7dfa254fa16d22a6fb9380157ac9a83ef7ada18ea56ebe
2019/12/10 13:34:55 pushed blob: sha256:8669529faac1ccf8bb5a13834c237398576afd8c8bfd694d8f9dc8de5d8b0f03
2019/12/10 13:34:56 gcr.io/jenkins-x-bdd3/bdd-sbrp-import-1575984100:0.0.1: digest: sha256:6debbc0fffdf876abc6db52edc9c5c333d7baa4b18654a42bfdf2de48c2eef01 size: 1244

Showing logs for build [32mcb-kubecd-bdd-sbrp-import-15759-1[0m stage [32mfrom-build-pack[0m and container [32mstep-build-post-build[0m
no CVE provider running in the current ** namespace so skip adding image to be analysed

Showing logs for build [32mcb-kubecd-bdd-sbrp-import-15759-1[0m stage [32mfrom-build-pack[0m and container [32mstep-promote-changelog[0m
Converted /workspace/source/charts/bdd-sbrp-import-1575984100 to an unshallow repository
Generating change log from git ref 01c2047936cf8b1b64c19721c0de89a1af328d68 => 7db0d41ee84f99879bd2675e1fd906a1f5d57f1a
Associating user x-0 in users.jenkins.io with email jenkins-x@googlegroups.com to git GitProvider user with login -0 as emails match
Adding label jenkins.io/git-github-userid=-0 to user x-0 in users.jenkins.io
WARNING: Failed to enrich commit b6e4f232af7c99247d1ea270dde0fc7d8397a84e with issues: User.jenkins.io "x-0" is invalid: metadata.labels: Invalid value: "-0": a valid label must be an empty string or consist of alphanumeric characters, '-', '_' or '.', and must start and end with an alphanumeric character (e.g. 'MyValue',  or 'my_value',  or '12345', regex used for validation is '(([A-Za-z0-9][-A-Za-z0-9_.]*)?[A-Za-z0-9])?')
Associating user x-0 in users.jenkins.io with email jenkins-x@googlegroups.com to git GitProvider user with login -0 as emails match
Adding label jenkins.io/git-github-userid=-0 to user x-0 in users.jenkins.io
WARNING: Failed to enrich commit b6e4f232af7c99247d1ea270dde0fc7d8397a84e with issues: User.jenkins.io "x-0" is invalid: metadata.labels: Invalid value: "-0": a valid label must be an empty string or consist of alphanumeric characters, '-', '_' or '.', and must start and end with an alphanumeric character (e.g. 'MyValue',  or 'my_value',  or '12345', regex used for validation is '(([A-Za-z0-9][-A-Za-z0-9_.]*)?[A-Za-z0-9])?')
Finding issues in commit messages using git format
Associating user x-0 in users.jenkins.io with email jenkins-x@googlegroups.com to git GitProvider user with login -0 as emails match
Adding label jenkins.io/git-github-userid=-0 to user x-0 in users.jenkins.io
WARNING: Failed to enrich commit d76a0779c6cdfdca3d36bd829ab89eec3358a7ea with issues: User.jenkins.io "x-0" is invalid: metadata.labels: Invalid value: "-0": a valid label must be an empty string or consist of alphanumeric characters, '-', '_' or '.', and must start and end with an alphanumeric character (e.g. 'MyValue',  or 'my_value',  or '12345', regex used for validation is '(([A-Za-z0-9][-A-Za-z0-9_.]*)?[A-Za-z0-9])?')
Associating user x-0 in users.jenkins.io with email jenkins-x@googlegroups.com to git GitProvider user with login -0 as emails match
Adding label jenkins.io/git-github-userid=-0 to user x-0 in users.jenkins.io
WARNING: Failed to enrich commit d76a0779c6cdfdca3d36bd829ab89eec3358a7ea with issues: User.jenkins.io "x-0" is invalid: metadata.labels: Invalid value: "-0": a valid label must be an empty string or consist of alphanumeric characters, '-', '_' or '.', and must start and end with an alphanumeric character (e.g. 'MyValue',  or 'my_value',  or '12345', regex used for validation is '(([A-Za-z0-9][-A-Za-z0-9_.]*)?[A-Za-z0-9])?')
WARNING: No release found for cb-kubecd/bdd-sbrp-import-1575984100 and tag v0.0.1 so creating a new release
Updated the release information at https://github.com/cb-kubecd/bdd-sbrp-import-1575984100/releases/tag/v0.0.1
generated: /workspace/source/charts/bdd-sbrp-import-1575984100/templates/release.yaml
Created Release bdd-sbrp-import-1575984100-0-0-1 resource in namespace **
Updating PipelineActivity cb-kubecd-bdd-sbrp-import-1575984100-master-1 with version 0.0.1
Updated PipelineActivities cb-kubecd-bdd-sbrp-import-1575984100-master-1 with release notes URL: https://github.com/cb-kubecd/bdd-sbrp-import-1575984100/releases/tag/v0.0.1

Showing logs for build [32mcb-kubecd-bdd-sbrp-import-15759-1[0m stage [32mfrom-build-pack[0m and container [32mstep-promote-helm-release[0m
WARNING: No $CHART_REPOSITORY defined so using the default value of: http://jenkins-x-chartmuseum:8080
Adding missing Helm repo: storage.googleapis.com https://storage.googleapis.com/chartmuseum.jenkins-x.io
WARNING: No secrets found on "helm/repos" due: reading the secret "helm/repos" from vault: no secret "helm/repos" not found in vault
Read credentials for https://storage.googleapis.com/chartmuseum.jenkins-x.io from vault helm/repos
Successfully added Helm repository storage.googleapis.com.
Adding missing Helm repo: jenkins-x-chartmuseum http://jenkins-x-chartmuseum:8080
WARNING: No secrets found on "helm/repos" due: reading the secret "helm/repos" from vault: no secret "helm/repos" not found in vault
Read credentials for http://jenkins-x-chartmuseum:8080 from vault helm/repos
Successfully added Helm repository jenkins-x-chartmuseum.
WARNING: No $CHART_REPOSITORY defined so using the default value of: http://jenkins-x-chartmuseum:8080
Uploading chart file bdd-sbrp-import-1575984100-0.0.1.tgz to http://jenkins-x-chartmuseum:8080/api/charts
Received 201 response: {"saved":true}

Showing logs for build [32mcb-kubecd-bdd-sbrp-import-15759-1[0m stage [32mfrom-build-pack[0m and container [32mstep-promote-jx-promote[0m
WARNING: prow based install so skip waiting for the merge of Pull Requests to go green as currently there is an issue with gettingstatuses from the PR, see https://github.com/jenkins-x/**/issues/2410
WARNING: No $CHART_REPOSITORY defined so using the default value of: http://jenkins-x-chartmuseum:8080
Promoting app bdd-sbrp-import-1575984100 version 0.0.1 to namespace **-staging
Created Pull Request: https://github.com/cb-kubecd/environment-pr-106-1-boot-gke-staging/pull/6
Added label updatebot to Pull Request https://github.com/cb-kubecd/environment-pr-106-1-boot-gke-staging/pull/6
got git provider status pending from PR https://github.com/cb-kubecd/environment-pr-106-1-boot-gke-staging/pull/6
got git provider status pending from PR https://github.com/cb-kubecd/environment-pr-106-1-boot-gke-staging/pull/6
got git provider status pending from PR https://github.com/cb-kubecd/environment-pr-106-1-boot-gke-staging/pull/6
got git provider status pending from PR https://github.com/cb-kubecd/environment-pr-106-1-boot-gke-staging/pull/6
got git provider status pending from PR https://github.com/cb-kubecd/environment-pr-106-1-boot-gke-staging/pull/6
Pull Request https://github.com/cb-kubecd/environment-pr-106-1-boot-gke-staging/pull/6 is merged at sha 740aafe2e44beae91181e34eafbdf33ce04f2c8a
Pull Request merged but we are not waiting for the update pipeline to complete!
WARNING: Could not find the service URL in namespace **-staging for names bdd-sbrp-import-1575984100, **-bdd-sbrp-import-1575984100, **-staging-bdd-sbrp-import-1575984100
